<?xml version="1.0" encoding="UTF-8"?>
<!-- Generated by org.testng.reporters.JUnitReportReporter -->
<testsuite hostname="EC2AMAZ-D9GMPCC" failures="0" tests="1" name="requesttypes.PatchTest" time="3.832" errors="0" timestamp="2023-08-23T10:18:20 GMT" skipped="0">
  <testcase classname="requesttypes.PatchTest" name="getTestPatch" time="3.832"/>
  <system-out/>
</testsuite> <!-- requesttypes.PatchTest -->
