<?xml version="1.0" encoding="UTF-8"?>
<!-- Generated by org.testng.reporters.JUnitReportReporter -->
<testsuite hostname="EC2AMAZ-D9GMPCC" failures="0" tests="2" name="requesttypes.GetTest" time="5.307" errors="0" timestamp="2023-08-24T12:24:23 GMT" skipped="0">
  <testcase classname="requesttypes.GetTest" name="getTestBDD" time="1.940"/>
  <system-out/>
  <testcase classname="requesttypes.GetTest" name="getTest" time="3.367"/>
  <system-out/>
</testsuite> <!-- requesttypes.GetTest -->
