<?xml version="1.0" encoding="UTF-8"?>
<!-- Generated by org.testng.reporters.JUnitReportReporter -->
<testsuite hostname="EC2AMAZ-D9GMPCC" failures="0" tests="1" name="chaining.DeleteUser" time="0.662" errors="0" timestamp="2023-08-24T11:57:40 GMT" skipped="0">
  <testcase classname="chaining.DeleteUser" name="getTestDigestAuth" time="0.662"/>
  <system-out/>
</testsuite> <!-- chaining.DeleteUser -->
