<?xml version="1.0" encoding="UTF-8"?>
<!-- Generated by org.testng.reporters.JUnitReportReporter -->
<testsuite hostname="EC2AMAZ-D9GMPCC" failures="0" tests="1" name="requesttypes.PostTest" time="3.638" errors="0" timestamp="2023-08-23T10:09:44 GMT" skipped="0">
  <testcase classname="requesttypes.PostTest" name="getTestBDD" time="3.638"/>
  <system-out/>
</testsuite> <!-- requesttypes.PostTest -->
