<?xml version="1.0" encoding="UTF-8"?>
<!-- Generated by org.testng.reporters.JUnitReportReporter -->
<testsuite hostname="EC2AMAZ-D9GMPCC" failures="0" tests="1" name="auths.OAuth2" time="4.159" errors="0" timestamp="2023-08-23T11:40:52 GMT" skipped="0">
  <testcase classname="auths.OAuth2" name="getTestDigestAuth" time="4.159"/>
  <system-out/>
</testsuite> <!-- auths.OAuth2 -->
