<?xml version="1.0" encoding="UTF-8"?>
<!-- Generated by org.testng.reporters.JUnitReportReporter -->
<testsuite hostname="EC2AMAZ-D9GMPCC" failures="0" tests="1" name="requesttypes.PutTest" time="3.720" errors="0" timestamp="2023-08-23T10:14:00 GMT" skipped="0">
  <testcase classname="requesttypes.PutTest" name="getTestBDD" time="3.720"/>
  <system-out/>
</testsuite> <!-- requesttypes.PutTest -->
