<?xml version="1.0" encoding="UTF-8"?>
<!-- Generated by org.testng.reporters.JUnitReportReporter -->
<testsuite hostname="EC2AMAZ-D9GMPCC" failures="0" tests="1" name="auths.BearerToken" time="4.136" errors="0" timestamp="2023-08-23T11:48:12 GMT" skipped="0">
  <testcase classname="auths.BearerToken" name="getBearerToken" time="4.136"/>
  <system-out/>
</testsuite> <!-- auths.BearerToken -->
