<?xml version="1.0" encoding="UTF-8"?>
<!-- Generated by org.testng.reporters.JUnitReportReporter -->
<testsuite hostname="EC2AMAZ-D9GMPCC" failures="0" tests="1" name="auths.BasicAuth" time="6.317" errors="0" timestamp="2023-08-23T11:15:52 GMT" skipped="0">
  <testcase classname="auths.BasicAuth" name="getTestPatch" time="6.317"/>
  <system-out/>
</testsuite> <!-- auths.BasicAuth -->
