<?xml version="1.0" encoding="UTF-8"?>
<!-- Generated by org.testng.reporters.JUnitReportReporter -->
<testsuite hostname="EC2AMAZ-D9GMPCC" failures="0" tests="2" name="testng.TestNG" time="0.025" errors="0" timestamp="2023-08-24T10:04:51 GMT" skipped="0">
  <testcase classname="testng.TestNG" name="test1" time="0.021"/>
  <system-out/>
  <testcase classname="testng.TestNG" name="test1" time="0.004"/>
  <system-out/>
</testsuite> <!-- testng.TestNG -->
