<?xml version="1.0" encoding="UTF-8"?>
<!-- Generated by org.testng.reporters.JUnitReportReporter -->
<testsuite hostname="EC2AMAZ-D9GMPCC" failures="0" tests="1" name="requesttypes.DeleteTest" time="3.602" errors="0" timestamp="2023-08-23T10:24:48 GMT" skipped="0">
  <testcase classname="requesttypes.DeleteTest" name="getTestDelete" time="3.602"/>
  <system-out/>
</testsuite> <!-- requesttypes.DeleteTest -->
