<?xml version="1.0" encoding="UTF-8"?>
<!-- Generated by org.testng.reporters.JUnitReportReporter -->
<testsuite hostname="EC2AMAZ-D9GMPCC" failures="0" tests="1" name="chaining.UpdateUser" time="0.965" errors="0" timestamp="2023-08-24T11:57:40 GMT" skipped="0">
  <testcase classname="chaining.UpdateUser" name="getTestDigestAuth" time="0.965"/>
  <system-out/>
</testsuite> <!-- chaining.UpdateUser -->
